<?xml version="1.0" encoding="UTF-8"?>
<!-- Generated by org.testng.reporters.JUnitXMLReporter -->
<testsuite ignored="0" hostname="LAPTOP-GGLBD97Q" failures="0" tests="4" name="Default test" time="0.05" errors="0" timestamp="17 Aug 2021 02:22:21 GMT">
  <testcase classname="testng.Class2" name="test1" time="0.004"/>
  <testcase classname="testng.Class2" name="test2" time="0.001"/>
  <testcase classname="testng.Class2" name="test2" time="0.0"/>
  <testcase classname="testng.Class2" name="test3" time="0.001"/>
</testsuite> <!-- Default test -->
