<?xml version="1.0" encoding="UTF-8"?>
<!-- Generated by org.testng.reporters.JUnitXMLReporter -->
<testsuite ignored="0" hostname="LAPTOP-GGLBD97Q" failures="2" tests="5" name="Test" time="93.131" errors="0" timestamp="19 Aug 2021 02:41:55 GMT">
  <testcase classname="com.orangehrm.tests.OranageHRMTest" name="VerifyApplicationTitle" time="4.382"/>
  <testcase classname="com.orangehrm.tests.OranageHRMTest" name="VerifyApplicationLogin" time="9.676"/>
  <testcase classname="com.orangehrm.tests.OranageHRMTest" name="VerifyApplicationLogin" time="26.33">
    <failure type="java.lang.AssertionError" message="Application Login is Not Successful">
      <![CDATA[java.lang.AssertionError: Application Login is Not Successful
at com.orangehrm.pages.HomePage.verifyWhetherAppLoginIsSuccessful(HomePage.java:36)
at com.orangehrm.tests.OranageHRMTest.VerifyApplicationLogin(OranageHRMTest.java:29)
... Removed 26 stack frames]]>
    </failure>
  </testcase> <!-- VerifyApplicationLogin -->
  <testcase classname="com.orangehrm.tests.OranageHRMTest" name="VerifyApplicationLogout" time="30.843"/>
  <testcase classname="com.orangehrm.tests.OranageHRMTest" name="VerfiyForgotPasswordPage" time="3.856">
    <failure type="java.lang.AssertionError" message="Forgot Password Page Elements not Available">
      <![CDATA[java.lang.AssertionError: Forgot Password Page Elements not Available
at com.orangehrm.pages.ForgotPassword.verifyForgotPasswordPageElements(ForgotPassword.java:37)
at com.orangehrm.tests.OranageHRMTest.VerfiyForgotPasswordPage(OranageHRMTest.java:49)
... Removed 26 stack frames]]>
    </failure>
  </testcase> <!-- VerfiyForgotPasswordPage -->
</testsuite> <!-- Test -->
